src/build/app/intermediates/manifest_merge_blame_file/debug/manifest-merger-blame-debug-report.txt
1<?xml version="1.0" encoding="utf-8"?>
2<manifest xmlns:android="http://schemas.android.com/apk/res/android"
3    package="pt.up.fe.ni.uni"
4    android:versionCode="35"
5    android:versionName="1.1.1" >
6
7    <uses-sdk
8        android:minSdkVersion="16"
9        android:targetSdkVersion="30" />
10    <!--
11         Flutter needs it to communicate with the running application
12         to allow setting breakpoints, to provide hot reload, etc.
13    -->
14    <uses-permission android:name="android.permission.INTERNET" />
14-->src\main\AndroidManifest.xml:33:5-66
14-->src\main\AndroidManifest.xml:33:22-64
15    <uses-permission android:name="android.permission.WRITE_CALENDAR" />
15-->src\main\AndroidManifest.xml:34:5-72
15-->src\main\AndroidManifest.xml:34:22-70
16    <uses-permission android:name="android.permission.READ_CALENDAR" />
16-->src\main\AndroidManifest.xml:35:5-71
16-->src\main\AndroidManifest.xml:35:22-69
17    <uses-permission android:name="android.permission.ACCESS_NETWORK_STATE" />
17-->[:connectivity] AndroidManifest.xml:7:5-79
17-->[:connectivity] AndroidManifest.xml:7:22-76
18    <uses-permission android:name="android.permission.ACCESS_WIFI_STATE" />
18-->[:connectivity] AndroidManifest.xml:8:5-76
18-->[:connectivity] AndroidManifest.xml:8:22-73
19    <!--
20 io.flutter.app.FlutterApplication is an android.app.Application that
21         calls FlutterMain.startInitialization(this); in its onCreate method.
22         In most cases you can leave this as-is, but you if you want to provide
23         additional functionality it is fine to subclass or reimplement
24         FlutterApplication and put your custom class here.
25    -->
26    <application
27        android:name="android.app.Application"
28        android:appComponentFactory="androidx.core.app.CoreComponentFactory"
28-->[androidx.core:core:1.6.0] AndroidManifest.xml:24:18-86
29        android:debuggable="true"
30        android:icon="@mipmap/ic_launcher"
31        android:label="uni" >
32        <activity
33            android:name="pt.up.fe.ni.uni.MainActivity"
34            android:configChanges="orientation|keyboardHidden|keyboard|screenSize|smallestScreenSize|locale|layoutDirection|fontScale|screenLayout|density|uiMode"
35            android:hardwareAccelerated="true"
36            android:launchMode="singleTop"
37            android:theme="@style/LaunchTheme"
38            android:windowSoftInputMode="adjustResize" >
39            <intent-filter>
40                <action android:name="android.intent.action.MAIN" />
41
42                <category android:name="android.intent.category.LAUNCHER" />
43            </intent-filter>
44
45            <meta-data
46                android:name="io.flutter.embedding.android.SplashScreenDrawable"
47                android:resource="@drawable/launch_background" />
48        </activity>
49        <!--
50             Don't delete the meta-data below.
51             This is used by the Flutter tool to generate GeneratedPluginRegistrant.java
52        -->
53        <meta-data
54            android:name="flutterEmbedding"
55            android:value="2" />
56
57        <activity
57-->[:url_launcher_android] AndroidManifest.xml:8:9-11:74
58            android:name="io.flutter.plugins.urllauncher.WebViewActivity"
58-->[:url_launcher_android] AndroidManifest.xml:9:13-74
59            android:exported="false"
59-->[:url_launcher_android] AndroidManifest.xml:10:13-37
60            android:theme="@android:style/Theme.NoTitleBar.Fullscreen" />
60-->[:url_launcher_android] AndroidManifest.xml:11:13-71
61
62        <uses-library
62-->[androidx.window:window:1.0.0-beta04] AndroidManifest.xml:25:9-27:40
63            android:name="androidx.window.extensions"
63-->[androidx.window:window:1.0.0-beta04] AndroidManifest.xml:26:13-54
64            android:required="false" />
64-->[androidx.window:window:1.0.0-beta04] AndroidManifest.xml:27:13-37
65        <uses-library
65-->[androidx.window:window:1.0.0-beta04] AndroidManifest.xml:28:9-30:40
66            android:name="androidx.window.sidecar"
66-->[androidx.window:window:1.0.0-beta04] AndroidManifest.xml:29:13-51
67            android:required="false" />
67-->[androidx.window:window:1.0.0-beta04] AndroidManifest.xml:30:13-37
68
69        <provider
69-->[androidx.lifecycle:lifecycle-process:2.2.0] AndroidManifest.xml:25:9-29:43
70            android:name="androidx.lifecycle.ProcessLifecycleOwnerInitializer"
70-->[androidx.lifecycle:lifecycle-process:2.2.0] AndroidManifest.xml:26:13-79
71            android:authorities="pt.up.fe.ni.uni.lifecycle-process"
71-->[androidx.lifecycle:lifecycle-process:2.2.0] AndroidManifest.xml:27:13-69
72            android:exported="false"
72-->[androidx.lifecycle:lifecycle-process:2.2.0] AndroidManifest.xml:28:13-37
73            android:multiprocess="true" />
73-->[androidx.lifecycle:lifecycle-process:2.2.0] AndroidManifest.xml:29:13-40
74    </application>
75
76</manifest>